Added Component: Designator=C1(CAP_0805)
Added Component: Designator=C2(CAP_0603)
Added Component: Designator=C3(CAP_0603)
Added Component: Designator=C4(CAP_0603)
Added Component: Designator=C5(CAP_0603)
Added Component: Designator=C6(CAP_0603)
Added Component: Designator=C7(CAP_0603)
Added Component: Designator=C8(CAP_0805)
Added Component: Designator=C9(CAP_0603)
Added Component: Designator=C10(CAP_0603)
Added Component: Designator=C11(CAP_0603)
Added Component: Designator=C12(CAP_0603)
Added Component: Designator=D1(DIOM7959X262N)
Add component (AddParameter): Name = "Arrow Part Number"; Value = "VS-30BQ015-M3/9AT"; VariantName = "[No Variations]"
Add component (AddParameter): Name = "Arrow Price/Stock"; Value = "https://www.arrow.com/en/products/vs-30bq015-m39at/vishay?region=nac"; VariantName = "[No Variations]"
Add component (AddParameter): Name = "Datasheet Link"; Value = "https://www.vishay.com/docs/93359/vs-30bq015m.pdf"; VariantName = "[No Variations]"
Add component (AddParameter): Name = "Height"; Value = "2.62mm"; VariantName = "[No Variations]"
Add component (AddParameter): Name = "Manufacturer_Name"; Value = "Vishay"; VariantName = "[No Variations]"
Add component (AddParameter): Name = "Manufacturer_Part_Number"; Value = "VS-30BQ015-M3/9AT"; VariantName = "[No Variations]"
Add component (AddParameter): Name = "Mouser Part Number"; Value = "78-VS-30BQ015-M39AT"; VariantName = "[No Variations]"
Add component (AddParameter): Name = "Mouser Price/Stock"; Value = "https://www.mouser.co.uk/ProductDetail/Vishay-Semiconductors/VS-30BQ015-M3-9AT?qs=asPD7ZL2j3WQU2AncGDp8g%3D%3D"; VariantName = "[No Variations]"
Added Component: Designator=D2(TVS_LESD5D5.0CT1G)
Added Component: Designator=D3(DIOM7959X262N)
Add component (AddParameter): Name = "Arrow Part Number"; Value = "VS-30BQ015-M3/9AT"; VariantName = "[No Variations]"
Add component (AddParameter): Name = "Arrow Price/Stock"; Value = "https://www.arrow.com/en/products/vs-30bq015-m39at/vishay?region=nac"; VariantName = "[No Variations]"
Add component (AddParameter): Name = "Datasheet Link"; Value = "https://www.vishay.com/docs/93359/vs-30bq015m.pdf"; VariantName = "[No Variations]"
Add component (AddParameter): Name = "Height"; Value = "2.62mm"; VariantName = "[No Variations]"
Add component (AddParameter): Name = "Manufacturer_Name"; Value = "Vishay"; VariantName = "[No Variations]"
Add component (AddParameter): Name = "Manufacturer_Part_Number"; Value = "VS-30BQ015-M3/9AT"; VariantName = "[No Variations]"
Add component (AddParameter): Name = "Mouser Part Number"; Value = "78-VS-30BQ015-M39AT"; VariantName = "[No Variations]"
Add component (AddParameter): Name = "Mouser Price/Stock"; Value = "https://www.mouser.co.uk/ProductDetail/Vishay-Semiconductors/VS-30BQ015-M3-9AT?qs=asPD7ZL2j3WQU2AncGDp8g%3D%3D"; VariantName = "[No Variations]"
Added Component: Designator=J1(47219-2001)
Added Component: Designator=J2(MOLEX-1050170001)
Added Component: Designator=P1(HDR1X6)
Add component (AddParameter): Name = "LatestRevisionDate"; Value = "17-Jul-2002"; VariantName = "[No Variations]"
Add component (AddParameter): Name = "LatestRevisionNote"; Value = "Re-released for DXP Platform."; VariantName = "[No Variations]"
Add component (AddParameter): Name = "Publisher"; Value = "Altium Limited"; VariantName = "[No Variations]"
Added Component: Designator=P2(HDR1X6)
Add component (AddParameter): Name = "LatestRevisionDate"; Value = "17-Jul-2002"; VariantName = "[No Variations]"
Add component (AddParameter): Name = "LatestRevisionNote"; Value = "Re-released for DXP Platform."; VariantName = "[No Variations]"
Add component (AddParameter): Name = "Publisher"; Value = "Altium Limited"; VariantName = "[No Variations]"
Added Component: Designator=P3(HDR1X2)
Add component (AddParameter): Name = "LatestRevisionDate"; Value = "17-Jul-2002"; VariantName = "[No Variations]"
Add component (AddParameter): Name = "LatestRevisionNote"; Value = "Re-released for DXP Platform."; VariantName = "[No Variations]"
Add component (AddParameter): Name = "Publisher"; Value = "Altium Limited"; VariantName = "[No Variations]"
Added Component: Designator=R1(RES_0805)
Added Component: Designator=R2(RES_0603)
Added Component: Designator=R3(RES_0603)
Added Component: Designator=R4(RES_0603)
Added Component: Designator=U1(STWD100YNYWY3F)
Added Component: Designator=U2(ESP32-WROOM-32-Nx)
Added Component: Designator=U3(SEN17049)
Add component (AddParameter): Name = "Arrow Part Number"; Value = "SEN-17049"; VariantName = "[No Variations]"
Add component (AddParameter): Name = "Arrow Price/Stock"; Value = "https://www.arrow.com/en/products/sen-17049/sparkfun-electronics?region=nac"; VariantName = "[No Variations]"
Add component (AddParameter): Name = "Datasheet Link"; Value = "https://eu.mouser.com/datasheet/2/813/MQ_2-1915159.pdf"; VariantName = "[No Variations]"
Add component (AddParameter): Name = "Height"; Value = "20mm"; VariantName = "[No Variations]"
Add component (AddParameter): Name = "Manufacturer_Name"; Value = "SparkFun"; VariantName = "[No Variations]"
Add component (AddParameter): Name = "Manufacturer_Part_Number"; Value = "SEN-17049"; VariantName = "[No Variations]"
Add component (AddParameter): Name = "Mouser Part Number"; Value = "474-SEN-17049"; VariantName = "[No Variations]"
Add component (AddParameter): Name = "Mouser Price/Stock"; Value = "https://www.mouser.co.uk/ProductDetail/SparkFun/SEN-17049?qs=DPoM0jnrROWDFAIFRzjoUQ%3D%3D"; VariantName = "[No Variations]"
Added Component: Designator=U4(SOT229P700X180-4N)
Added Pin To Net: NetName=3V3 Pin=C1-1
Added Pin To Net: NetName=3V3 Pin=C2-2
Added Pin To Net: NetName=3V3 Pin=C3-2
Added Pin To Net: NetName=3V3 Pin=C4-2
Added Pin To Net: NetName=3V3 Pin=C5-2
Added Pin To Net: NetName=3V3 Pin=C8-1
Added Pin To Net: NetName=3V3 Pin=C11-2
Added Pin To Net: NetName=3V3 Pin=C12-2
Added Pin To Net: NetName=3V3 Pin=J1-4
Added Pin To Net: NetName=3V3 Pin=P1-6
Added Pin To Net: NetName=3V3 Pin=P2-1
Added Pin To Net: NetName=3V3 Pin=R2-2
Added Pin To Net: NetName=3V3 Pin=U1-5
Added Pin To Net: NetName=3V3 Pin=U2-2
Added Pin To Net: NetName=3V3 Pin=U4-2
Added Net: Name=3V3
Added Pin To Net: NetName=5V_VBUS Pin=C9-2
Added Pin To Net: NetName=5V_VBUS Pin=C10-2
Added Pin To Net: NetName=5V_VBUS Pin=D1-1
Added Pin To Net: NetName=5V_VBUS Pin=D2-2
Added Pin To Net: NetName=5V_VBUS Pin=D3-1
Added Pin To Net: NetName=5V_VBUS Pin=U3-1
Added Pin To Net: NetName=5V_VBUS Pin=U3-2
Added Pin To Net: NetName=5V_VBUS Pin=U3-3
Added Pin To Net: NetName=5V_VBUS Pin=U4-3
Added Net: Name=5V_VBUS
Added Pin To Net: NetName=A_OUT Pin=C7-2
Added Pin To Net: NetName=A_OUT Pin=R3-2
Added Pin To Net: NetName=A_OUT Pin=U2-16
Added Pin To Net: NetName=A_OUT Pin=U3-4
Added Pin To Net: NetName=A_OUT Pin=U3-6
Added Net: Name=A_OUT
Added Pin To Net: NetName=CS Pin=J1-2
Added Pin To Net: NetName=CS Pin=U2-29
Added Net: Name=CS
Added Pin To Net: NetName=EN Pin=C6-2
Added Pin To Net: NetName=EN Pin=P1-4
Added Pin To Net: NetName=EN Pin=R1-2
Added Pin To Net: NetName=EN Pin=R2-1
Added Pin To Net: NetName=EN Pin=U2-3
Added Net: Name=EN
Added Pin To Net: NetName=GND Pin=C1-2
Added Pin To Net: NetName=GND Pin=C2-1
Added Pin To Net: NetName=GND Pin=C3-1
Added Pin To Net: NetName=GND Pin=C4-1
Added Pin To Net: NetName=GND Pin=C5-1
Added Pin To Net: NetName=GND Pin=C6-1
Added Pin To Net: NetName=GND Pin=C7-1
Added Pin To Net: NetName=GND Pin=C8-2
Added Pin To Net: NetName=GND Pin=C9-1
Added Pin To Net: NetName=GND Pin=C10-1
Added Pin To Net: NetName=GND Pin=C11-1
Added Pin To Net: NetName=GND Pin=C12-1
Added Pin To Net: NetName=GND Pin=D2-1
Added Pin To Net: NetName=GND Pin=J1-6
Added Pin To Net: NetName=GND Pin=J1-G1
Added Pin To Net: NetName=GND Pin=J1-G2
Added Pin To Net: NetName=GND Pin=J1-G3
Added Pin To Net: NetName=GND Pin=J1-G4
Added Pin To Net: NetName=GND Pin=J2-5
Added Pin To Net: NetName=GND Pin=P1-1
Added Pin To Net: NetName=GND Pin=P2-2
Added Pin To Net: NetName=GND Pin=P2-6
Added Pin To Net: NetName=GND Pin=P3-2
Added Pin To Net: NetName=GND Pin=R3-1
Added Pin To Net: NetName=GND Pin=R4-1
Added Pin To Net: NetName=GND Pin=U1-2
Added Pin To Net: NetName=GND Pin=U1-3
Added Pin To Net: NetName=GND Pin=U2-1
Added Pin To Net: NetName=GND Pin=U2-15
Added Pin To Net: NetName=GND Pin=U2-38
Added Pin To Net: NetName=GND Pin=U2-39
Added Pin To Net: NetName=GND Pin=U2-39
Added Pin To Net: NetName=GND Pin=U2-39
Added Pin To Net: NetName=GND Pin=U2-39
Added Pin To Net: NetName=GND Pin=U2-39
Added Pin To Net: NetName=GND Pin=U2-39
Added Pin To Net: NetName=GND Pin=U2-39
Added Pin To Net: NetName=GND Pin=U2-39
Added Pin To Net: NetName=GND Pin=U2-39
Added Pin To Net: NetName=GND Pin=U4-1
Added Net: Name=GND
Added Pin To Net: NetName=IO0 Pin=P1-5
Added Pin To Net: NetName=IO0 Pin=U2-25
Added Net: Name=IO0
Added Pin To Net: NetName=MISO Pin=J1-7
Added Pin To Net: NetName=MISO Pin=U2-31
Added Net: Name=MISO
Added Pin To Net: NetName=MOSI Pin=J1-3
Added Pin To Net: NetName=MOSI Pin=U2-37
Added Net: Name=MOSI
Added Pin To Net: NetName=NetD1_2 Pin=D1-2
Added Pin To Net: NetName=NetD1_2 Pin=J2-1
Added Net: Name=NetD1_2
Added Pin To Net: NetName=NetD3_2 Pin=D3-2
Added Pin To Net: NetName=NetD3_2 Pin=P3-1
Added Net: Name=NetD3_2
Added Pin To Net: NetName=NetP1_2 Pin=P1-2
Added Pin To Net: NetName=NetP1_2 Pin=U2-34
Added Net: Name=NetP1_2
Added Pin To Net: NetName=NetP1_3 Pin=P1-3
Added Pin To Net: NetName=NetP1_3 Pin=U2-35
Added Net: Name=NetP1_3
Added Pin To Net: NetName=NetR1_1 Pin=R1-1
Added Pin To Net: NetName=NetR1_1 Pin=U1-1
Added Net: Name=NetR1_1
Added Pin To Net: NetName=NetR4_2 Pin=R4-2
Added Pin To Net: NetName=NetR4_2 Pin=U3-5
Added Net: Name=NetR4_2
Added Pin To Net: NetName=SCLK Pin=J1-5
Added Pin To Net: NetName=SCLK Pin=U2-30
Added Net: Name=SCLK
Added Pin To Net: NetName=SCL Pin=P2-3
Added Pin To Net: NetName=SCL Pin=U2-36
Added Net: Name=SCL
Added Pin To Net: NetName=SDA Pin=P2-4
Added Pin To Net: NetName=SDA Pin=U2-33
Added Net: Name=SDA
Added Pin To Net: NetName=WDI Pin=U1-4
Added Pin To Net: NetName=WDI Pin=U2-23
Added Net: Name=WDI
Added Class: Name=main
